<?xml version="1.0" encoding="UTF-8"?>
<!-- Generated by org.testng.reporters.JUnitXMLReporter -->
<testsuite hostname="KumarSathish" ignored="0" name="Default test" tests="3" failures="0" timestamp="28 Jan 2018 08:19:21 GMT" time="74.498" errors="0">
  <testcase name="LoginPageLogoTest" time="0.142" classname="com.crm.qa.testcases.LoginPageTest"/>
  <testcase name="loginPageTitleTest" time="0.028" classname="com.crm.qa.testcases.LoginPageTest"/>
  <testcase name="loginPageValidInput" time="11.443" classname="com.crm.qa.testcases.LoginPageTest"/>
</testsuite> <!-- Default test -->
