<?xml version="1.0" encoding="UTF-8"?>
<!-- Generated by org.testng.reporters.JUnitXMLReporter -->
<testsuite hostname="KumarSathish" ignored="0" name="Test" tests="3" failures="0" timestamp="01 Feb 2018 03:44:23 GMT" time="120.447" errors="0">
  <testcase name="LoginPageLogoTest" time="0.772" classname="com.crm.qa.testcases.LoginPageTest"/>
  <testcase name="loginPageTitleTest" time="0.039" classname="com.crm.qa.testcases.LoginPageTest"/>
  <testcase name="loginPageValidInput" time="9.998" classname="com.crm.qa.testcases.LoginPageTest"/>
</testsuite> <!-- Test -->
