<?xml version="1.0" encoding="UTF-8"?>
<!-- Generated by org.testng.reporters.JUnitXMLReporter -->
<testsuite hostname="KumarSathish" ignored="0" name="Test" tests="3" failures="0" timestamp="29 Jan 2018 03:55:15 GMT" time="129.357" errors="0">
  <testcase name="LoginPageLogoTest" time="2.743" classname="com.crm.qa.testcases.LoginPageTest"/>
  <testcase name="loginPageTitleTest" time="0.023" classname="com.crm.qa.testcases.LoginPageTest"/>
  <testcase name="loginPageValidInput" time="19.059" classname="com.crm.qa.testcases.LoginPageTest"/>
</testsuite> <!-- Test -->
