<?xml version="1.0" encoding="UTF-8"?>
<testng-results skipped="0" failed="0" ignored="0" total="3" passed="3">
  <reporter-output>
  </reporter-output>
  <suite name="com.crm.qa.testcases.LoginPageTest" duration-ms="133485" started-at="2018-01-29T19:29:36Z" finished-at="2018-01-29T19:31:49Z">
    <groups>
    </groups>
    <test name="Command line test" duration-ms="133485" started-at="2018-01-29T19:29:36Z" finished-at="2018-01-29T19:31:49Z">
      <class name="com.crm.qa.testcases.LoginPageTest">
        <test-method status="PASS" signature="setUp()[pri:0, instance:com.crm.qa.testcases.LoginPageTest@1554825]" name="setUp" is-config="true" duration-ms="59968" started-at="2018-01-30T00:59:36Z" finished-at="2018-01-30T01:00:36Z">
          <reporter-output>
          </reporter-output>
        </test-method> <!-- setUp -->
        <test-method status="PASS" signature="LoginPageLogoTest()[pri:0, instance:com.crm.qa.testcases.LoginPageTest@1554825]" name="LoginPageLogoTest" duration-ms="3696" started-at="2018-01-30T01:00:36Z" finished-at="2018-01-30T01:00:39Z">
          <reporter-output>
          </reporter-output>
        </test-method> <!-- LoginPageLogoTest -->
        <test-method status="PASS" signature="tearDown()[pri:0, instance:com.crm.qa.testcases.LoginPageTest@1554825]" name="tearDown" is-config="true" duration-ms="1899" started-at="2018-01-30T01:00:39Z" finished-at="2018-01-30T01:00:41Z">
          <reporter-output>
          </reporter-output>
        </test-method> <!-- tearDown -->
        <test-method status="PASS" signature="setUp()[pri:0, instance:com.crm.qa.testcases.LoginPageTest@1554825]" name="setUp" is-config="true" duration-ms="36674" started-at="2018-01-30T01:00:41Z" finished-at="2018-01-30T01:01:18Z">
          <reporter-output>
          </reporter-output>
        </test-method> <!-- setUp -->
        <test-method status="PASS" signature="loginPageTitleTest()[pri:0, instance:com.crm.qa.testcases.LoginPageTest@1554825]" name="loginPageTitleTest" duration-ms="60" started-at="2018-01-30T01:01:18Z" finished-at="2018-01-30T01:01:18Z">
          <reporter-output>
          </reporter-output>
        </test-method> <!-- loginPageTitleTest -->
        <test-method status="PASS" signature="tearDown()[pri:0, instance:com.crm.qa.testcases.LoginPageTest@1554825]" name="tearDown" is-config="true" duration-ms="938" started-at="2018-01-30T01:01:18Z" finished-at="2018-01-30T01:01:19Z">
          <reporter-output>
          </reporter-output>
        </test-method> <!-- tearDown -->
        <test-method status="PASS" signature="setUp()[pri:0, instance:com.crm.qa.testcases.LoginPageTest@1554825]" name="setUp" is-config="true" duration-ms="18349" started-at="2018-01-30T01:01:19Z" finished-at="2018-01-30T01:01:37Z">
          <reporter-output>
          </reporter-output>
        </test-method> <!-- setUp -->
        <test-method status="PASS" signature="loginPageValidInput()[pri:0, instance:com.crm.qa.testcases.LoginPageTest@1554825]" name="loginPageValidInput" duration-ms="10220" started-at="2018-01-30T01:01:37Z" finished-at="2018-01-30T01:01:48Z">
          <reporter-output>
          </reporter-output>
        </test-method> <!-- loginPageValidInput -->
        <test-method status="PASS" signature="tearDown()[pri:0, instance:com.crm.qa.testcases.LoginPageTest@1554825]" name="tearDown" is-config="true" duration-ms="1495" started-at="2018-01-30T01:01:48Z" finished-at="2018-01-30T01:01:49Z">
          <reporter-output>
          </reporter-output>
        </test-method> <!-- tearDown -->
      </class> <!-- com.crm.qa.testcases.LoginPageTest -->
    </test> <!-- Command line test -->
  </suite> <!-- com.crm.qa.testcases.LoginPageTest -->
</testng-results>
