<?xml version="1.0" encoding="UTF-8"?>
<testng-results skipped="0" failed="0" ignored="0" total="3" passed="3">
  <reporter-output>
  </reporter-output>
  <suite name="Suite" duration-ms="129357" started-at="2018-01-29T03:53:03Z" finished-at="2018-01-29T03:55:13Z">
    <groups>
    </groups>
    <test name="Test" duration-ms="129357" started-at="2018-01-29T03:53:03Z" finished-at="2018-01-29T03:55:13Z">
      <class name="com.crm.qa.testcases.LoginPageTest">
        <test-method status="PASS" signature="setUp()[pri:0, instance:com.crm.qa.testcases.LoginPageTest@17cd7a0]" name="setUp" is-config="true" duration-ms="47824" started-at="2018-01-29T09:23:03Z" finished-at="2018-01-29T09:23:51Z">
          <reporter-output>
          </reporter-output>
        </test-method> <!-- setUp -->
        <test-method status="PASS" signature="LoginPageLogoTest()[pri:0, instance:com.crm.qa.testcases.LoginPageTest@17cd7a0]" name="LoginPageLogoTest" duration-ms="2743" started-at="2018-01-29T09:23:51Z" finished-at="2018-01-29T09:23:54Z">
          <reporter-output>
          </reporter-output>
        </test-method> <!-- LoginPageLogoTest -->
        <test-method status="PASS" signature="tearDown()[pri:0, instance:com.crm.qa.testcases.LoginPageTest@17cd7a0]" name="tearDown" is-config="true" duration-ms="1649" started-at="2018-01-29T09:23:54Z" finished-at="2018-01-29T09:23:56Z">
          <reporter-output>
          </reporter-output>
        </test-method> <!-- tearDown -->
        <test-method status="PASS" signature="setUp()[pri:0, instance:com.crm.qa.testcases.LoginPageTest@17cd7a0]" name="setUp" is-config="true" duration-ms="36627" started-at="2018-01-29T09:23:56Z" finished-at="2018-01-29T09:24:32Z">
          <reporter-output>
          </reporter-output>
        </test-method> <!-- setUp -->
        <test-method status="PASS" signature="loginPageTitleTest()[pri:0, instance:com.crm.qa.testcases.LoginPageTest@17cd7a0]" name="loginPageTitleTest" duration-ms="23" started-at="2018-01-29T09:24:32Z" finished-at="2018-01-29T09:24:32Z">
          <reporter-output>
          </reporter-output>
        </test-method> <!-- loginPageTitleTest -->
        <test-method status="PASS" signature="tearDown()[pri:0, instance:com.crm.qa.testcases.LoginPageTest@17cd7a0]" name="tearDown" is-config="true" duration-ms="2813" started-at="2018-01-29T09:24:32Z" finished-at="2018-01-29T09:24:35Z">
          <reporter-output>
          </reporter-output>
        </test-method> <!-- tearDown -->
        <test-method status="PASS" signature="setUp()[pri:0, instance:com.crm.qa.testcases.LoginPageTest@17cd7a0]" name="setUp" is-config="true" duration-ms="17202" started-at="2018-01-29T09:24:35Z" finished-at="2018-01-29T09:24:52Z">
          <reporter-output>
          </reporter-output>
        </test-method> <!-- setUp -->
        <test-method status="PASS" signature="loginPageValidInput()[pri:0, instance:com.crm.qa.testcases.LoginPageTest@17cd7a0]" name="loginPageValidInput" duration-ms="19059" started-at="2018-01-29T09:24:52Z" finished-at="2018-01-29T09:25:11Z">
          <reporter-output>
          </reporter-output>
        </test-method> <!-- loginPageValidInput -->
        <test-method status="PASS" signature="tearDown()[pri:0, instance:com.crm.qa.testcases.LoginPageTest@17cd7a0]" name="tearDown" is-config="true" duration-ms="1336" started-at="2018-01-29T09:25:11Z" finished-at="2018-01-29T09:25:13Z">
          <reporter-output>
          </reporter-output>
        </test-method> <!-- tearDown -->
      </class> <!-- com.crm.qa.testcases.LoginPageTest -->
    </test> <!-- Test -->
  </suite> <!-- Suite -->
</testng-results>
