<?xml version="1.0" encoding="UTF-8"?>
<!-- Generated by org.testng.reporters.JUnitXMLReporter -->
<testsuite hostname="KumarSathish" ignored="0" name="Command line test" tests="3" failures="0" timestamp="29 Jan 2018 19:31:52 GMT" time="133.485" errors="0">
  <testcase name="LoginPageLogoTest" time="3.696" classname="com.crm.qa.testcases.LoginPageTest"/>
  <testcase name="loginPageTitleTest" time="0.06" classname="com.crm.qa.testcases.LoginPageTest"/>
  <testcase name="loginPageValidInput" time="10.22" classname="com.crm.qa.testcases.LoginPageTest"/>
</testsuite> <!-- Command line test -->
